{
  "RSpec": {
    "coverage": {
      "/Users/pedroeduardosilva/new_app/app/controllers/application_controller.rb": {
        "lines": [
          1,
          1,
          6,
          6,
          null,
          null,
          null
        ]
      },
      "/Users/pedroeduardosilva/new_app/app/controllers/api/v1/posts_controller.rb": {
        "lines": [
          1,
          1,
          null,
          1,
          3,
          3,
          3,
          3,
          2,
          null,
          null,
          null,
          1,
          2,
          2,
          null,
          2,
          1,
          null,
          1,
          null,
          null,
          null,
          1,
          1,
          null,
          1,
          null,
          null,
          1,
          null,
          1,
          1,
          null,
          null,
          null,
          null,
          null,
          null,
          1,
          3,
          null,
          null,
          1,
          3,
          null,
          null,
          1,
          3,
          null,
          null,
          1,
          3,
          null,
          null,
          1,
          1,
          null,
          null,
          1,
          4,
          null,
          null,
          1,
          1,
          null,
          null
        ]
      },
      "/Users/pedroeduardosilva/new_app/app/controllers/api/v1/ratings_controller.rb": {
        "lines": [
          1,
          1,
          null,
          1,
          2,
          2,
          1,
          null,
          null,
          null,
          1,
          null,
          1,
          1,
          null,
          null,
          1,
          2,
          null,
          null
        ]
      },
      "/Users/pedroeduardosilva/new_app/app/models/post.rb": {
        "lines": [
          1,
          1,
          1,
          null,
          1,
          null,
          1,
          4,
          null,
          null,
          null,
          null,
          null,
          null,
          1,
          5,
          null,
          null
        ]
      },
      "/Users/pedroeduardosilva/new_app/app/models/application_record.rb": {
        "lines": [
          1,
          1,
          null
        ]
      },
      "/Users/pedroeduardosilva/new_app/app/models/rating.rb": {
        "lines": [
          1,
          1,
          1,
          null,
          1,
          1,
          null
        ]
      },
      "/Users/pedroeduardosilva/new_app/app/models/user.rb": {
        "lines": [
          1,
          1,
          null,
          1,
          null
        ]
      },
      "/Users/pedroeduardosilva/new_app/app/channels/application_cable/channel.rb": {
        "lines": [
          0,
          0,
          0,
          0
        ],
        "branches": {}
      },
      "/Users/pedroeduardosilva/new_app/app/channels/application_cable/connection.rb": {
        "lines": [
          0,
          0,
          0,
          0
        ],
        "branches": {}
      },
      "/Users/pedroeduardosilva/new_app/app/jobs/application_job.rb": {
        "lines": [
          0,
          null,
          null,
          null,
          null,
          null,
          0
        ],
        "branches": {}
      },
      "/Users/pedroeduardosilva/new_app/app/mailers/application_mailer.rb": {
        "lines": [
          0,
          0,
          0,
          0
        ],
        "branches": {}
      }
    },
    "timestamp": 1731179821
  }
}
